<?xml version="1.0" encoding="UTF-8"?>
<!-- Generated by org.testng.reporters.JUnitReportReporter -->
<testsuite name="com.upc.edu.test.ProductoTest" tests="6" time="0.097" ignored="0" failures="0" timestamp="16 may 2017 02:01:39 GMT" skipped="0" hostname="HP-Nghtmr-W7" errors="0">
  <testcase name="getProductoByCodigo" time="0.002" classname="com.upc.edu.test.ProductoTest"/>
  <testcase name="getProductos" time="0.004" classname="com.upc.edu.test.ProductoTest"/>
  <testcase name="updateProducto" time="0.003" classname="com.upc.edu.test.ProductoTest"/>
  <testcase name="addProducto" time="0.079" classname="com.upc.edu.test.ProductoTest"/>
  <testcase name="getProductosByInfo" time="0.006" classname="com.upc.edu.test.ProductoTest"/>
  <testcase name="deleteProducto" time="0.003" classname="com.upc.edu.test.ProductoTest"/>
</testsuite> <!-- com.upc.edu.test.ProductoTest -->
