<?xml version="1.0" encoding="UTF-8"?>
<!-- Generated by org.testng.reporters.JUnitReportReporter -->
<testsuite name="com.upc.edu.test.seleniumwd.ProductoWebDriverTest" tests="3" time="30.043" ignored="0" failures="0" timestamp="13 jun 2017 19:39:04 GMT" skipped="0" hostname="HP-Nghtmr-W7" errors="0">
  <testcase name="insertarProducto" time="11.683" classname="com.upc.edu.test.seleniumwd.ProductoWebDriverTest"/>
  <testcase name="insertarProducto" time="9.163" classname="com.upc.edu.test.seleniumwd.ProductoWebDriverTest"/>
  <testcase name="insertarProducto" time="9.197" classname="com.upc.edu.test.seleniumwd.ProductoWebDriverTest"/>
</testsuite> <!-- com.upc.edu.test.seleniumwd.ProductoWebDriverTest -->
