<?xml version="1.0" encoding="UTF-8"?>
<!-- Generated by org.testng.reporters.JUnitReportReporter -->
<testsuite name="com.upc.edu.test.ProductoTest" tests="6" time="0.083" ignored="0" failures="0" timestamp="27 abr 2017 15:26:24 GMT" skipped="0" hostname="HP-Nghtmr-W7" errors="0">
  <testcase name="deleteProducto" time="0.022" classname="com.upc.edu.test.ProductoTest"/>
  <testcase name="getProductos" time="0.004" classname="com.upc.edu.test.ProductoTest"/>
  <testcase name="updateProducto" time="0.007" classname="com.upc.edu.test.ProductoTest"/>
  <testcase name="addProducto" time="0.036" classname="com.upc.edu.test.ProductoTest"/>
  <testcase name="getProductoByCodigo" time="0.010" classname="com.upc.edu.test.ProductoTest"/>
  <testcase name="getProductosByInfo" time="0.004" classname="com.upc.edu.test.ProductoTest"/>
</testsuite> <!-- com.upc.edu.test.ProductoTest -->
