<?xml version="1.0" encoding="UTF-8"?>
<!-- Generated by org.testng.reporters.JUnitReportReporter -->
<testsuite skipped="0" hostname="HP-Nghtmr-W7" name="com.upc.edu.test.NewTest" tests="1" failures="0" timestamp="27 abr 2017 13:14:36 GMT" time="0.015" errors="0">
  <testcase name="f" time="0.015" classname="com.upc.edu.test.NewTest"/>
</testsuite> <!-- com.upc.edu.test.NewTest -->
