<?xml version="1.0" encoding="UTF-8"?>
<!-- Generated by org.testng.reporters.JUnitReportReporter -->
<testsuite name="com.upc.edu.test.seleniumwd.ProductoWebDriverTest" tests="6" time="57.703" ignored="0" failures="0" timestamp="13 jun 2017 20:29:50 GMT" skipped="0" hostname="HP-Nghtmr-W7" errors="0">
  <testcase name="insertarProducto" time="11.494" classname="com.upc.edu.test.seleniumwd.ProductoWebDriverTest"/>
  <testcase name="editarProducto" time="9.480" classname="com.upc.edu.test.seleniumwd.ProductoWebDriverTest"/>
  <testcase name="editarProducto" time="9.117" classname="com.upc.edu.test.seleniumwd.ProductoWebDriverTest"/>
  <testcase name="insertarProducto" time="9.251" classname="com.upc.edu.test.seleniumwd.ProductoWebDriverTest"/>
  <testcase name="editarProducto" time="9.203" classname="com.upc.edu.test.seleniumwd.ProductoWebDriverTest"/>
  <testcase name="insertarProducto" time="9.158" classname="com.upc.edu.test.seleniumwd.ProductoWebDriverTest"/>
</testsuite> <!-- com.upc.edu.test.seleniumwd.ProductoWebDriverTest -->
